[    0.000000] Initializing cgroup subsys cpuset
[    0.000000] Initializing cgroup subsys cpu
[    0.000000] Initializing cgroup subsys cpuacct
[    0.000000] Linux version 4.4.0-210-generic (buildd@lgw01-amd64-009) (gcc version 5.4.0 20160609 (Ubuntu 5.4.0-6ubuntu1~16.04.12) ) #242-Ubuntu SMP Fri Apr 16 09:57:56 UTC 2021 (Ubuntu 4.4.0-210.242-generic 4.4.262)
[    0.000000] Command line: BOOT_IMAGE=/boot/vmlinuz-4.4.0-210-generic root=LABEL=cloudimg-rootfs ro console=tty1 console=ttyS0
[    0.000000] KERNEL supported cpus:
[    0.000000]   Intel GenuineIntel
[    0.000000]   AMD AuthenticAMD
[    0.000000]   Centaur CentaurHauls
[    0.000000] x86/fpu: xstate_offset[2]:  576, xstate_sizes[2]:  256
[    0.000000] x86/fpu: Supporting XSAVE feature 0x01: 'x87 floating point registers'
[    0.000000] x86/fpu: Supporting XSAVE feature 0x02: 'SSE registers'
[    0.000000] x86/fpu: Supporting XSAVE feature 0x04: 'AVX registers'
[    0.000000] x86/fpu: Enabled xstate features 0x7, context size is 832 bytes, using 'standard' format.
[    0.000000] e820: BIOS-provided physical RAM map:
[    0.000000] BIOS-e820: [mem 0x0000000000000000-0x000000000009fbff] usable
[    0.000000] BIOS-e820: [mem 0x000000000009fc00-0x000000000009ffff] reserved
[    0.000000] BIOS-e820: [mem 0x00000000000f0000-0x00000000000fffff] reserved
[    0.000000] BIOS-e820: [mem 0x0000000000100000-0x000000007ffeffff] usable
[    0.000000] BIOS-e820: [mem 0x000000007fff0000-0x000000007fffffff] ACPI data
[    0.000000] BIOS-e820: [mem 0x00000000fec00000-0x00000000fec00fff] reserved
[    0.000000] BIOS-e820: [mem 0x00000000fee00000-0x00000000fee00fff] reserved
[    0.000000] BIOS-e820: [mem 0x00000000fffc0000-0x00000000ffffffff] reserved
[    0.000000] NX (Execute Disable) protection: active
[    0.000000] SMBIOS 2.5 present.
[    0.000000] Hypervisor detected: KVM
[    0.000000] e820: last_pfn = 0x7fff0 max_arch_pfn = 0x400000000
[    0.000000] MTRR: Disabled
[    0.000000] x86/PAT: MTRRs disabled, skipping PAT initialization too.
[    0.000000] CPU MTRRs all blank - virtualized system.
[    0.000000] x86/PAT: Configuration [0-7]: WB  WT  UC- UC  WB  WT  UC- UC  
[    0.000000] found SMP MP-table at [mem 0x0009fff0-0x0009ffff] mapped at [ffff88000009fff0]
[    0.000000] Scanning 1 areas for low memory corruption
[    0.000000] RAMDISK: [mem 0x362dc000-0x37165fff]
[    0.000000] ACPI: Early table checksum verification disabled
[    0.000000] ACPI: RSDP 0x00000000000E0000 000024 (v02 VBOX  )
[    0.000000] ACPI: XSDT 0x000000007FFF0030 00003C (v01 VBOX   VBOXXSDT 00000001 ASL  00000061)
[    0.000000] ACPI: FACP 0x000000007FFF00F0 0000F4 (v04 VBOX   VBOXFACP 00000001 ASL  00000061)
[    0.000000] ACPI: DSDT 0x000000007FFF0470 002325 (v02 VBOX   VBOXBIOS 00000002 INTL 20200925)
[    0.000000] ACPI: FACS 0x000000007FFF0200 000040
[    0.000000] ACPI: FACS 0x000000007FFF0200 000040
[    0.000000] ACPI: APIC 0x000000007FFF0240 00005C (v02 VBOX   VBOXAPIC 00000001 ASL  00000061)
[    0.000000] ACPI: SSDT 0x000000007FFF02A0 0001CC (v01 VBOX   VBOXCPUT 00000002 INTL 20200925)
[    0.000000] No NUMA configuration found
[    0.000000] Faking a node at [mem 0x0000000000000000-0x000000007ffeffff]
[    0.000000] NODE_DATA(0) allocated [mem 0x7ffeb000-0x7ffeffff]
[    0.000000] kvm-clock: Using msrs 4b564d01 and 4b564d00
[    0.000000] kvm-clock: cpu 0, msr 0:7ffe3001, primary cpu clock
[    0.000000] kvm-clock: using sched offset of 3660537058 cycles
[    0.000000] clocksource: kvm-clock: mask: 0xffffffffffffffff max_cycles: 0x1cd42e4dffb, max_idle_ns: 881590591483 ns
[    0.000000] Zone ranges:
[    0.000000]   DMA      [mem 0x0000000000001000-0x0000000000ffffff]
[    0.000000]   DMA32    [mem 0x0000000001000000-0x000000007ffeffff]
[    0.000000]   Normal   empty
[    0.000000]   Device   empty
[    0.000000] Movable zone start for each node
[    0.000000] Early memory node ranges
[    0.000000]   node   0: [mem 0x0000000000001000-0x000000000009efff]
[    0.000000]   node   0: [mem 0x0000000000100000-0x000000007ffeffff]
[    0.000000] Initmem setup node 0 [mem 0x0000000000001000-0x000000007ffeffff]
[    0.000000] ACPI: PM-Timer IO Port: 0x4008
[    0.000000] IOAPIC[0]: apic_id 2, version 32, address 0xfec00000, GSI 0-23
[    0.000000] ACPI: INT_SRC_OVR (bus 0 bus_irq 0 global_irq 2 dfl dfl)
[    0.000000] ACPI: INT_SRC_OVR (bus 0 bus_irq 9 global_irq 9 low level)
[    0.000000] Using ACPI (MADT) for SMP configuration information
[    0.000000] smpboot: Allowing 2 CPUs, 0 hotplug CPUs
[    0.000000] PM: Registered nosave memory: [mem 0x00000000-0x00000fff]
[    0.000000] PM: Registered nosave memory: [mem 0x0009f000-0x0009ffff]
[    0.000000] PM: Registered nosave memory: [mem 0x000a0000-0x000effff]
[    0.000000] PM: Registered nosave memory: [mem 0x000f0000-0x000fffff]
[    0.000000] e820: [mem 0x80000000-0xfebfffff] available for PCI devices
[    0.000000] Booting paravirtualized kernel on KVM
[    0.000000] clocksource: refined-jiffies: mask: 0xffffffff max_cycles: 0xffffffff, max_idle_ns: 7645519600211568 ns
[    0.000000] setup_percpu: NR_CPUS:512 nr_cpumask_bits:512 nr_cpu_ids:2 nr_node_ids:1
[    0.000000] PERCPU: Embedded 33 pages/cpu @ffff88007fc00000 s95192 r8192 d31784 u1048576
[    0.000000] Built 1 zonelists in Node order, mobility grouping on.  Total pages: 515960
[    0.000000] Policy zone: DMA32
[    0.000000] Kernel command line: BOOT_IMAGE=/boot/vmlinuz-4.4.0-210-generic root=LABEL=cloudimg-rootfs ro console=tty1 console=ttyS0
[    0.000000] PID hash table entries: 4096 (order: 3, 32768 bytes)
[    0.000000] Memory: 2029984K/2096696K available (8644K kernel code, 1332K rwdata, 4044K rodata, 1492K init, 1164K bss, 66712K reserved, 0K cma-reserved)
[    0.000000] SLUB: HWalign=64, Order=0-3, MinObjects=0, CPUs=2, Nodes=1
[    0.000000] Kernel/User page tables isolation: enabled
[    0.000000] Hierarchical RCU implementation.
[    0.000000] 	Build-time adjustment of leaf fanout to 64.
[    0.000000] 	RCU restricting CPUs from NR_CPUS=512 to nr_cpu_ids=2.
[    0.000000] RCU: Adjusting geometry for rcu_fanout_leaf=64, nr_cpu_ids=2
[    0.000000] NR_IRQS:33024 nr_irqs:440 16
[    0.000000] Console: colour VGA+ 80x25
[    0.000000] console [tty1] enabled
[    0.000000] console [ttyS0] enabled
[    0.000000] tsc: Detected 1991.986 MHz processor
[    0.189561] Calibrating delay loop (skipped) preset value.. 3983.97 BogoMIPS (lpj=7967944)
[    0.191974] pid_max: default: 32768 minimum: 301
[    0.193397] ACPI: Core revision 20150930
[    0.195821] ACPI: 2 ACPI AML tables successfully acquired and loaded
[    0.197778] Security Framework initialized
[    0.198951] Yama: becoming mindful.
[    0.200067] AppArmor: AppArmor initialized
[    0.202271] Dentry cache hash table entries: 262144 (order: 9, 2097152 bytes)
[    0.204635] Inode-cache hash table entries: 131072 (order: 8, 1048576 bytes)
[    0.207392] Mount-cache hash table entries: 4096 (order: 3, 32768 bytes)
[    0.209196] Mountpoint-cache hash table entries: 4096 (order: 3, 32768 bytes)
[    0.211223] Initializing cgroup subsys io
[    0.212423] Initializing cgroup subsys memory
[    0.213678] Initializing cgroup subsys devices
[    0.215891] Initializing cgroup subsys freezer
[    0.217820] Initializing cgroup subsys net_cls
[    0.219407] Initializing cgroup subsys perf_event
[    0.221072] Initializing cgroup subsys net_prio
[    0.222649] Initializing cgroup subsys hugetlb
[    0.224211] Initializing cgroup subsys pids
[    0.227702] mce: CPU supports 0 MCE banks
[    0.228936] Last level iTLB entries: 4KB 64, 2MB 8, 4MB 8
[    0.230259] Last level dTLB entries: 4KB 64, 2MB 0, 4MB 0, 1GB 4
[    0.231676] Spectre V1 : Mitigation: usercopy/swapgs barriers and __user pointer sanitization
[    0.233984] Spectre V2 : Mitigation: Full generic retpoline
[    0.235322] Spectre V2 : Spectre v2 / SpectreRSB mitigation: Filling RSB on context switch
[    0.237504] Speculative Store Bypass: Vulnerable
[    0.238661] SRBDS: Unknown: Dependent on hypervisor status
[    0.240103] MDS: Vulnerable: Clear CPU buffers attempted, no microcode
[    0.245778] Freeing SMP alternatives memory: 36K
[    0.256164] ftrace: allocating 32380 entries in 127 pages
[    0.348561] smpboot: APIC(0) Converting physical 0 to logical package 0
[    0.350438] smpboot: Max logical packages: 1
[    0.352069] x2apic enabled
[    0.353278] Switched APIC routing to physical x2apic.
[    0.356051] ..TIMER: vector=0x30 apic1=0 pin1=2 apic2=-1 pin2=-1
[    0.465612] smpboot: CPU0: Intel(R) Core(TM) i3-6006U CPU @ 2.00GHz (family: 0x6, model: 0x4e, stepping: 0x3)
[    0.468303] Performance Events: unsupported p6 CPU model 78 no PMU driver, software events only.
[    0.489228] KVM setup paravirtual spinlock
[    0.492203] x86: Booting SMP configuration:
[    0.493413] .... node  #0, CPUs:      #1
[    0.494596] kvm-clock: cpu 1, msr 0:7ffe3041, secondary cpu clock
[    0.497152] mce: CPU supports 0 MCE banks
[    0.499908] x86: Booted up 1 node, 2 CPUs
[    0.501242] smpboot: Total of 2 processors activated (7967.94 BogoMIPS)
[    0.503343] devtmpfs: initialized
[    0.506892] evm: security.selinux
[    0.507948] evm: security.SMACK64
[    0.508897] evm: security.SMACK64EXEC
[    0.509928] evm: security.SMACK64TRANSMUTE
[    0.511000] evm: security.SMACK64MMAP
[    0.511983] evm: security.ima
[    0.512865] evm: security.capability
[    0.514070] clocksource: jiffies: mask: 0xffffffff max_cycles: 0xffffffff, max_idle_ns: 7645041785100000 ns
[    0.516408] futex hash table entries: 512 (order: 3, 32768 bytes)
[    0.518005] pinctrl core: initialized pinctrl subsystem
[    0.519406] RTC time: 18:23:05, date: 12/07/21
[    0.520759] NET: Registered protocol family 16
[    0.533506] cpuidle: using governor ladder
[    0.544599] cpuidle: using governor menu
[    0.545674] PCCT header not found.
[    0.546740] ACPI: bus type PCI registered
[    0.547794] acpiphp: ACPI Hot Plug PCI Controller Driver version: 0.5
[    0.549464] PCI: Using configuration type 1 for base access
[    0.561140] ACPI: Added _OSI(Module Device)
[    0.562290] ACPI: Added _OSI(Processor Device)
[    0.563418] ACPI: Added _OSI(3.0 _SCP Extensions)
[    0.564604] ACPI: Added _OSI(Processor Aggregator Device)
[    0.566840] ACPI: Executed 1 blocks of module-level executable AML code
[    0.571251] ACPI: Interpreter enabled
[    0.572275] ACPI: (supports S0 S5)
[    0.573251] ACPI: Using IOAPIC for interrupt routing
[    0.574677] PCI: Using host bridge windows from ACPI; if necessary, use "pci=nocrs" and report a bug
[    0.581709] ACPI: PCI Root Bridge [PCI0] (domain 0000 [bus 00-ff])
[    0.583230] acpi PNP0A03:00: _OSC: OS supports [ASPM ClockPM Segments MSI]
[    0.585257] acpi PNP0A03:00: _OSC: not requesting OS control; OS requires [ExtendedConfig ASPM ClockPM MSI]
[    0.588144] acpi PNP0A03:00: fail to add MMCONFIG information, can't access extended PCI configuration space under this bridge.
[    0.591608] PCI host bridge to bus 0000:00
[    0.592810] pci_bus 0000:00: root bus resource [io  0x0000-0x0cf7 window]
[    0.594548] pci_bus 0000:00: root bus resource [io  0x0d00-0xffff window]
[    0.596293] pci_bus 0000:00: root bus resource [mem 0x000a0000-0x000bffff window]
[    0.598476] pci_bus 0000:00: root bus resource [mem 0x80000000-0xfdffffff window]
[    0.600718] pci_bus 0000:00: root bus resource [bus 00-ff]
[    0.604071] pci 0000:00:01.1: legacy IDE quirk: reg 0x10: [io  0x01f0-0x01f7]
[    0.605941] pci 0000:00:01.1: legacy IDE quirk: reg 0x14: [io  0x03f6]
[    0.607616] pci 0000:00:01.1: legacy IDE quirk: reg 0x18: [io  0x0170-0x0177]
[    0.623057] pci 0000:00:01.1: legacy IDE quirk: reg 0x1c: [io  0x0376]
[    0.650651] pci 0000:00:07.0: quirk: [io  0x4000-0x403f] claimed by PIIX4 ACPI
[    0.652955] pci 0000:00:07.0: quirk: [io  0x4100-0x410f] claimed by PIIX4 SMB
[    0.671392] ACPI: PCI Interrupt Link [LNKA] (IRQs 5 9 10 *11)
[    0.673659] ACPI: PCI Interrupt Link [LNKB] (IRQs 5 9 *10 11)
[    0.675701] ACPI: PCI Interrupt Link [LNKC] (IRQs 5 *9 10 11)
[    0.677675] ACPI: PCI Interrupt Link [LNKD] (IRQs 5 9 10 *11)
[    0.679775] ACPI: Enabled 2 GPEs in block 00 to 07
[    0.681710] vgaarb: setting as boot device: PCI:0000:00:02.0
[    0.683133] vgaarb: device added: PCI:0000:00:02.0,decodes=io+mem,owns=io+mem,locks=none
[    0.685587] vgaarb: loaded
[    0.686411] vgaarb: bridge control possible 0000:00:02.0
[    0.688131] SCSI subsystem initialized
[    0.689317] ACPI: bus type USB registered
[    0.690545] usbcore: registered new interface driver usbfs
[    0.691980] usbcore: registered new interface driver hub
[    0.693290] usbcore: registered new device driver usb
[    0.694903] PCI: Using ACPI for IRQ routing
[    0.696459] NetLabel: Initializing
[    0.697448] NetLabel:  domain hash size = 128
[    0.698580] NetLabel:  protocols = UNLABELED CIPSOv4
[    0.699869] NetLabel:  unlabeled traffic allowed by default
[    0.701462] amd_nb: Cannot enumerate AMD northbridges
[    0.702821] clocksource: Switched to clocksource kvm-clock
[    0.713093] AppArmor: AppArmor Filesystem Enabled
[    0.714542] pnp: PnP ACPI init
[    0.716402] pnp: PnP ACPI: found 3 devices
[    0.727427] clocksource: acpi_pm: mask: 0xffffff max_cycles: 0xffffff, max_idle_ns: 2085701024 ns
[    0.729692] NET: Registered protocol family 2
[    0.731096] TCP established hash table entries: 16384 (order: 5, 131072 bytes)
[    0.733260] TCP bind hash table entries: 16384 (order: 6, 262144 bytes)
[    0.734991] TCP: Hash tables configured (established 16384 bind 16384)
[    0.736711] UDP hash table entries: 1024 (order: 3, 32768 bytes)
[    0.738285] UDP-Lite hash table entries: 1024 (order: 3, 32768 bytes)
[    0.740019] NET: Registered protocol family 1
[    0.741280] pci 0000:00:00.0: Limiting direct PCI/PCI transfers
[    0.743164] pci 0000:00:01.0: Activating ISA DMA hang workarounds
[    0.744911] Unpacking initramfs...
[    1.073262] Freeing initrd memory: 14888K
[    1.074683] clocksource: tsc: mask: 0xffffffffffffffff max_cycles: 0x396d37d4927, max_idle_ns: 881590650067 ns
[    1.077748] platform rtc_cmos: registered platform RTC device (no PNP device found)
[    1.079809] Scanning for low memory corruption every 60 seconds
[    1.081708] audit: initializing netlink subsys (disabled)
[    1.083051] audit: type=2000 audit(1638901390.266:1): initialized
[    1.084943] Initialise system trusted keyring
[    1.086342] HugeTLB registered 2 MB page size, pre-allocated 0 pages
[    1.089764] zbud: loaded
[    1.091170] VFS: Disk quotas dquot_6.6.0
[    1.092250] VFS: Dquot-cache hash table entries: 512 (order 0, 4096 bytes)
[    1.094138] squashfs: version 4.0 (2009/01/31) Phillip Lougher
[    1.095887] fuse init (API version 7.23)
[    1.097081] Key type big_key registered
[    1.098144] Allocating IMA MOK and blacklist keyrings.
[    1.100116] Key type asymmetric registered
[    1.101192] Asymmetric key parser 'x509' registered
[    1.102441] Block layer SCSI generic (bsg) driver version 0.4 loaded (major 249)
[    1.104484] io scheduler noop registered
[    1.105527] io scheduler deadline registered (default)
[    1.106819] io scheduler cfq registered
[    1.108006] pci_hotplug: PCI Hot Plug PCI Core version: 0.5
[    1.109349] pciehp: PCI Express Hot Plug Controller Driver version: 0.4
[    1.111098] ACPI: AC Adapter [AC] (on-line)
[    1.112286] input: Power Button as /devices/LNXSYSTM:00/LNXPWRBN:00/input/input0
[    1.114266] ACPI: Power Button [PWRF]
[    1.115428] input: Sleep Button as /devices/LNXSYSTM:00/LNXSLPBN:00/input/input1
[    1.117355] ACPI: Sleep Button [SLPF]
[    1.118557] GHES: HEST is not enabled!
[    1.119893] ACPI: Battery Slot [BAT0] (battery present)
[    1.121364] Serial: 8250/16550 driver, 32 ports, IRQ sharing enabled
[    1.143699] 00:02: ttyS0 at I/O 0x3f8 (irq = 4, base_baud = 115200) is a 16550A
[    1.147278] Linux agpgart interface v0.103
[    1.151646] loop: module loaded
[    1.153351] scsi host0: ata_piix
[    1.154479] scsi host1: ata_piix
[    1.155503] ata1: PATA max UDMA/33 cmd 0x1f0 ctl 0x3f6 bmdma 0xd000 irq 14
[    1.157059] ata2: PATA max UDMA/33 cmd 0x170 ctl 0x376 bmdma 0xd008 irq 15
[    1.159078] libphy: Fixed MDIO Bus: probed
[    1.160175] tun: Universal TUN/TAP device driver, 1.6
[    1.161460] tun: (C) 1999-2004 Max Krasnyansky <maxk@qualcomm.com>
[    1.162949] PPP generic driver version 2.4.2
[    1.164385] ehci_hcd: USB 2.0 'Enhanced' Host Controller (EHCI) Driver
[    1.165894] ehci-pci: EHCI PCI platform driver
[    1.167035] ehci-platform: EHCI generic platform driver
[    1.168410] ohci_hcd: USB 1.1 'Open' Host Controller (OHCI) Driver
[    1.169861] ohci-pci: OHCI PCI platform driver
[    1.171017] ohci-platform: OHCI generic platform driver
[    1.172346] uhci_hcd: USB Universal Host Controller Interface driver
[    1.173891] i8042: PNP: PS/2 Controller [PNP0303:PS2K,PNP0f03:PS2M] at 0x60,0x64 irq 1,12
[    1.176584] serio: i8042 KBD port at 0x60,0x64 irq 1
[    1.177825] serio: i8042 AUX port at 0x60,0x64 irq 12
[    1.179198] mousedev: PS/2 mouse device common for all mice
[    1.181259] input: AT Translated Set 2 keyboard as /devices/platform/i8042/serio0/input/input2
[    1.183701] rtc_cmos rtc_cmos: rtc core: registered rtc_cmos as rtc0
[    1.185277] rtc_cmos rtc_cmos: alarms up to one day, 114 bytes nvram
[    1.186746] i2c /dev entries driver
[    1.187844] device-mapper: uevent: version 1.0.3
[    1.189079] device-mapper: ioctl: 4.34.0-ioctl (2015-10-28) initialised: dm-devel@redhat.com
[    1.193012] ledtrig-cpu: registered to indicate activity on CPUs
[    1.195148] NET: Registered protocol family 10
[    1.196524] NET: Registered protocol family 17
[    1.197743] Key type dns_resolver registered
[    1.199221] registered taskstats version 1
[    1.200375] Loading compiled-in X.509 certificates
[    1.202424] Loaded X.509 cert 'Build time autogenerated kernel key: cf00e047681d67edb2720680708b7d9498083038'
[    1.204893] zswap: loaded using pool lzo/zbud
[    1.208367] Key type trusted registered
[    1.213443] Key type encrypted registered
[    1.214601] AppArmor: AppArmor sha1 policy hashing enabled
[    1.216012] ima: No TPM chip found, activating TPM-bypass!
[    1.217342] ima: Allocated hash algorithm: sha1
[    1.218497] evm: HMAC attrs: 0x1
[    1.219837]   Magic number: 1:296:392
[    1.220943] rtc_cmos rtc_cmos: setting system clock to 2021-12-07 18:23:05 UTC (1638901385)
[    1.223225] BIOS EDD facility v0.16 2004-Jun-25, 0 devices found
[    1.224633] EDD information not available.
[    1.350987] Freeing unused kernel memory: 1492K
[    1.352835] Write protecting the kernel read-only data: 14336k
[    1.355427] Freeing unused kernel memory: 1584K
[    1.356936] Freeing unused kernel memory: 52K
Loading, please wait...
starting version 229
[    1.376977] random: systemd-udevd: uninitialized urandom read (16 bytes read, 3 bits of entropy available)
[    1.378230] random: udevadm: uninitialized urandom read (16 bytes read, 3 bits of entropy available)
[    1.378263] random: udevadm: uninitialized urandom read (16 bytes read, 3 bits of entropy available)
[    1.384633] random: systemd-udevd: uninitialized urandom read (16 bytes read, 3 bits of entropy available)
[    1.387101] random: systemd-udevd: uninitialized urandom read (16 bytes read, 3 bits of entropy available)
[    1.389607] random: systemd-udevd: uninitialized urandom read (16 bytes read, 3 bits of entropy available)
[    1.391656] random: udevadm: uninitialized urandom read (16 bytes read, 3 bits of entropy available)
[    1.391730] random: udevadm: uninitialized urandom read (16 bytes read, 3 bits of entropy available)
[    1.391913] random: udevadm: uninitialized urandom read (16 bytes read, 3 bits of entropy available)
[    1.391978] random: udevadm: uninitialized urandom read (16 bytes read, 3 bits of entropy available)
[    1.456553] e1000: Intel(R) PRO/1000 Network Driver - version 7.3.21-k8-NAPI
[    1.458729] e1000: Copyright (c) 1999-2006 Intel Corporation.
[    1.463612] Fusion MPT base driver 3.04.20
[    1.464719] Copyright (c) 1999-2008 LSI Corporation
[    1.472449] Fusion MPT SPI Host driver 3.04.20
[    1.503048] AVX2 version of gcm_enc/dec engaged.
[    1.504365] AES CTR mode by8 optimization enabled
[    1.678032] input: ImExPS/2 Generic Explorer Mouse as /devices/platform/i8042/serio1/input/input4
[    1.848780] e1000 0000:00:03.0 eth0: (PCI:33MHz:32-bit) 02:be:82:6b:cc:1d
[    1.850739] e1000 0000:00:03.0 eth0: Intel(R) PRO/1000 Network Connection
[    1.853496] mptbase: ioc0: Initiating bringup
[    1.915600] ioc0: LSI53C1030 A0: Capabilities={Initiator}
[    2.082958] scsi host2: ioc0: LSI53C1030 A0, FwRev=00000000h, Ports=1, MaxQ=256, IRQ=20
[    2.199268] scsi 2:0:0:0: Direct-Access     VBOX     HARDDISK         1.0  PQ: 0 ANSI: 5
[    2.201618] scsi target2:0:0: Beginning Domain Validation
[    2.204199] scsi target2:0:0: Domain Validation skipping write tests
[    2.205894] scsi target2:0:0: Ending Domain Validation
[    2.207890] scsi target2:0:0: asynchronous
[    2.209518] scsi 2:0:1:0: Direct-Access     VBOX     HARDDISK         1.0  PQ: 0 ANSI: 5
[    2.211593] scsi target2:0:1: Beginning Domain Validation
[    2.213957] scsi target2:0:1: Domain Validation skipping write tests
[    2.215503] scsi target2:0:1: Ending Domain Validation
[    2.230613] scsi target2:0:1: asynchronous
[    2.252232] sd 2:0:0:0: Attached scsi generic sg0 type 0
[    2.253860] sd 2:0:0:0: [sda] 83886080 512-byte logical blocks: (42.9 GB/40.0 GiB)
[    2.257565] sd 2:0:1:0: [sdb] 20480 512-byte logical blocks: (10.5 MB/10.0 MiB)
[    2.259899] sd 2:0:1:0: Attached scsi generic sg1 type 0
[    2.261675] sd 2:0:1:0: [sdb] Write Protect is off
[    2.263282] sd 2:0:0:0: [sda] Write Protect is off
[    2.264679] sd 2:0:0:0: [sda] Incomplete mode parameter data
[    2.266124] sd 2:0:0:0: [sda] Assuming drive cache: write through
[    2.267795] sd 2:0:1:0: [sdb] Incomplete mode parameter data
[    2.269227] sd 2:0:1:0: [sdb] Assuming drive cache: write through
[    2.321441]  sda: sda1
[    2.323712] sd 2:0:0:0: [sda] Attached SCSI disk
[    2.333141] sd 2:0:1:0: [sdb] Attached SCSI disk
[    2.567972] e1000 0000:00:08.0 eth1: (PCI:33MHz:32-bit) 08:00:27:a0:9c:6e
[    2.569599] e1000 0000:00:08.0 eth1: Intel(R) PRO/1000 Network Connection
[    2.572241] e1000 0000:00:08.0 enp0s8: renamed from eth1
[    2.583427] e1000 0000:00:03.0 enp0s3: renamed from eth0
Begin: Loading essential drivers ... [    4.039954] md: linear personality registered for level -1
[    4.045543] md: multipath personality registered for level -4
[    4.050655] md: raid0 personality registered for level 0
[    4.056975] md: raid1 personality registered for level 1
[    4.146212] raid6: sse2x1   gen()  7289 MB/s
[    4.224921] raid6: sse2x1   xor()  5774 MB/s
[    4.302843] raid6: sse2x2   gen()  9975 MB/s
[    4.373291] raid6: sse2x2   xor()  5818 MB/s
[    4.458593] raid6: sse2x4   gen()  8137 MB/s
[    4.534219] raid6: sse2x4   xor()  7365 MB/s
[    4.603974] raid6: avx2x1   gen() 13825 MB/s
[    4.680918] raid6: avx2x2   gen() 18264 MB/s
[    4.747128] raid6: avx2x4   gen() 17018 MB/s
[    4.748390] raid6: using algorithm avx2x2 gen() 18264 MB/s
[    4.749760] raid6: using avx2x2 recovery algorithm
[    4.753198] xor: automatically using best checksumming function:
[    4.790835]    avx       : 14601.000 MB/sec
[    4.794087] async_tx: api initialized (async)
[    4.808236] md: raid6 personality registered for level 6
[    4.809984] md: raid5 personality registered for level 5
[    4.811292] md: raid4 personality registered for level 4
[    4.820689] md: raid10 personality registered for level 10
done.
Begin: Running /scripts/init-premount ... done.
Begin: Mounting root file system ... Begin: Running /scripts/local-top ... done.
Begin: Running /scripts/local-premount ... [    4.859612] Btrfs loaded
Scanning for Btrfs filesystems
done.
Warning: fsck not present, so skipping root file system
[    4.972600] EXT4-fs (sda1): INFO: recovery required on readonly filesystem
[    4.974471] EXT4-fs (sda1): write access will be enabled during recovery
[    5.078183] EXT4-fs (sda1): recovery complete
[    5.079740] EXT4-fs (sda1): mounted filesystem with ordered data mode. Opts: (null)
done.
Begin: Running /scripts/local-bottom ... done.
Begin: Running /scripts/init-bottom ... done.
[    5.805813] systemd[1]: systemd 229 running in system mode. (+PAM +AUDIT +SELINUX +IMA +APPARMOR +SMACK +SYSVINIT +UTMP +LIBCRYPTSETUP +GCRYPT +GNUTLS +ACL +XZ -LZ4 +SECCOMP +BLKID +ELFUTILS +KMOD -IDN)
[    5.817828] systemd[1]: Detected virtualization oracle.
[    5.821127] systemd[1]: Detected architecture x86-64.

Welcome to [1mUbuntu 16.04.7 LTS[0m!

[    5.852747] systemd[1]: Set hostname to <server3>.
[    6.155729] random: nonblocking pool is initialized
[    6.859576] systemd[1]: Listening on Syslog Socket.
[[0;32m  OK  [0m] Listening on Syslog Socket.
[    6.864001] systemd[1]: Listening on udev Kernel Socket.
[[0;32m  OK  [0m] Listening on udev Kernel Socket.
[    6.868083] systemd[1]: Listening on Journal Audit Socket.
[[0;32m  OK  [0m] Listening on Journal Audit Socket.
[    6.871403] systemd[1]: Listening on /dev/initctl Compatibility Named Pipe.
[[0;32m  OK  [0m] Listening on /dev/initctl Compatibility Named Pipe.
[    6.874561] systemd[1]: Listening on LVM2 metadata daemon socket.
[[0;32m  OK  [0m] Listening on LVM2 metadata daemon socket.
[    6.877344] systemd[1]: Listening on fsck to fsckd communication Socket.
[[0;32m  OK  [0m] Listening on fsck to fsckd communication Socket.
[    6.880294] systemd[1]: Listening on Journal Socket.
[[0;32m  OK  [0m] Listening on Journal Socket.
[    6.882999] systemd[1]: Created slice System Slice.
[[0;32m  OK  [0m] Created slice System Slice.
[    6.885623] systemd[1]: Created slice system-serial\x2dgetty.slice.
[[0;32m  OK  [0m] Created slice system-serial\x2dgetty.slice.
[    6.911224] systemd[1]: Starting Load Kernel Modules...
         Starting Load Kernel Modules...
[    6.913876] systemd[1]: Started Trigger resolvconf update for networkd DNS.
[[0;32m  OK  [0m] Started Trigger resolvconf update for networkd DNS.
[    6.917868] systemd[1]: Starting File System Check on Root Device...
         Starting File System Check on Root Device...
[    6.922033] systemd[1]: Started Forward Password Requests to Wall Directory Watch.
[[0;32m  OK  [0m] Started Forward Password Requests to Wall Directory Watch.
[    6.925573] systemd[1]: Reached target Swap.
[[0;32m  OK  [0m] Reached target Swap.
[    6.927878] systemd[1]: Set up automount Arbitrary Executable File Formats File System Automount Point.
[[0;32m  OK  [0m] Set up automount Arbitrary Executab...ats File System Automount Point.
[    6.931868] systemd[1]: Reached target Encrypted Volumes.
[[0;32m  OK  [0m] Reached target Encrypted Volumes.
[    6.935305] systemd[1]: Mounting Huge Pages File System...
         Mounting Huge Pages File System...
[    6.938757] systemd[1]: Starting Set console keymap...
         Starting Set console keymap...
[    6.980705] systemd[1]: Starting Create list of required static device nodes for the current kernel...
         Starting Create list of required st... nodes for the current kernel...
[    6.987441] systemd[1]: Created slice User and Session Slice.
[[0;32m  OK  [0m] Created slice User and Session Slice.
[    6.991018] systemd[1]: Listening on LVM2 poll daemon socket.
[[0;32m  OK  [0m] Listening on LVM2 poll daemon socket.
[    6.993920] systemd[1]: Listening on udev Control Socket.
[[0;32m  OK  [0m] Listening on udev Control Socket.
[    6.997600] systemd[1]: Starting Uncomplicated firewall...
         Starting Uncomplicated firewall...
[    7.002305] systemd[1]: Mounting POSIX Message Queue File System...
         Mounting POSIX Message Queue File System...
[    7.006071] systemd[1]: Mounting Debug File System...
         Mounting Debug File System...
[    7.009644] systemd[1]: Starting Nameserver information manager...
         Starting Nameserver information manager...
[    7.012551] systemd[1]: Listening on Device-mapper event daemon FIFOs.
[[0;32m  OK  [0m] Listening on Device-mapper event daemon FIFOs.
[    7.016587] systemd[1]: Starting Monitoring of LVM2 mirrors, snapshots etc. using dmeventd or progress polling...
         Starting Monitoring of LVM2 mirrors... dmeventd or progress polling...
[    7.021316] systemd[1]: Reached target System Time Synchronized.
[[0;32m  OK  [0m] Reached target System Time Synchronized.
[    7.024187] systemd[1]: Reached target User and Group Name Lookups.
[[0;32m  OK  [0m] Reached target User and Group Name Lookups.
[    7.027105] systemd[1]: Listening on Journal Socket (/dev/log).
[[0;32m  OK  [0m] Listening on Journal Socket (/dev/log).
[    7.030713] systemd[1]: Starting Journal Service...
         Starting Journal Service...
[    7.033195] systemd[1]: Reached target Slices.
[[0;32m  OK  [0m] Reached target Slices.
[    7.038515] systemd[1]: Started File System Check Daemon to report status.
[[0;32m  OK  [0m] Started File System Check Daemon to report status.
[    7.057121] Loading iSCSI transport class v2.0-870.
[    7.060371] systemd[1]: Started Create list of required static device nodes for the current kernel.
[[0;32m  OK  [0m] Started Create list of required sta...ce nodes for the current kernel.
[    7.079245] systemd[1]: Starting Create Static Device Nodes in /dev...
         Starting Create Static Device Nodes in /dev...
[    7.085451] systemd[1]: Started Uncomplicated firewall.
[[0;32m  OK  [0m] Started Uncomplicated firewall.
[    7.136812] systemd[1]: Mounted Huge Pages File System.
[[0;32m  OK  [0m] Mounted Huge Pages File System.
[    7.143319] systemd[1]: Mounted Debug File System.
[[0;32m  OK  [0m] Mounted Debug File System.
[    7.150299] systemd[1]: Mounted POSIX Message Queue File System.
[[0;32m  OK  [0m] Mounted POSIX Message Queue File System.
[    7.238874] iscsi: registered transport (tcp)
[    7.243649] systemd[1]: Started Nameserver information manager.
[[0;32m  OK  [0m] Started Nameserver information manager.
[    7.372201] systemd[1]: Started Journal Service.
[[0;32m  OK  [0m] Started Journal Service.
[[0;32m  OK  [0m] Started Set console keymap.
[[0;32m  OK  [0m] Started File System Check on Root Device.
         Starting Remount Root and Kernel File Systems...
[    7.498692] EXT4-fs (sda1): re-mounted. Opts: (null)
[[0;32m  OK  [0m] Started Remount Root and Kernel File Systems.
         Starting Load/Save Random Seed...
         Starting Flush Journal to Persistent Storage...
[    7.533238] iscsi: registered transport (iser)
         Starting udev Coldplug all Devices...
[[0;32m  OK  [0m] Started Load Kernel Modules.
         Starting Apply Kernel Variables...
         Mounting FUSE Control File System...
[[0;32m  OK  [0m] Started LVM2 metadata daemon.
[[0;32m  OK  [0m] Mounted FUSE Control File System.
[[0;32m  OK  [0m] Started Load/Save Random Seed.
[    7.739392] systemd-journald[397]: Received request to flush runtime journal from PID 1
[[0;32m  OK  [0m] Started Apply Kernel Variables.
[[0;32m  OK  [0m] Started Flush Journal to Persistent Storage.
[[0;32m  OK  [0m] Started udev Coldplug all Devices.
[[0;32m  OK  [0m] Started Create Static Device Nodes in /dev.
         Starting udev Kernel Device Manager...
[[0;32m  OK  [0m] Started Monitoring of LVM2 mirrors,...ng dmeventd or progress polling.
[[0;32m  OK  [0m] Reached target Local File Systems (Pre).
[[0;32m  OK  [0m] Reached target Local File Systems.
         Starting Set console font and keymap...
         Starting LSB: AppArmor initialization...
         Starting Initial cloud-init job (pre-networking)...
         Starting Tell Plymouth To Write Out Runtime Data...
         Starting Create Volatile Files and Directories...
         Mounting /vagrant...
[[0;32m  OK  [0m] Started udev Kernel Device Manager.
[[0;32m  OK  [0m] Started Tell Plymouth To Write Out Runtime Data.
[[0;32m  OK  [0m] Started Create Volatile Files and Directories.
         Starting Update UTMP about System Boot/Shutdown...
[[0;32m  OK  [0m] Started Dispatch Password Requests to Console Directory Watch.
[[0;1;31mFAILED[0m] Failed to mount /vagrant.
See 'systemctl status vagrant.mount' for details.
[[0;32m  OK  [0m] Started Update UTMP about System Boot/Shutdown.
[[0;32m  OK  [0m] Found device /dev/ttyS0.
[[0;32m  OK  [0m] Listening on Load/Save RF Kill Switch Status /dev/rfkill Watch.
[[0;32m  OK  [0m] Found device 82540EM Gigabit Ethern...r (PRO/1000 MT Desktop Adapter).
[[0;32m  OK  [0m] Found device 82540EM Gigabit Ethern...r (PRO/1000 MT Desktop Adapter).
[[0;32m  OK  [0m] Started Set console font and keymap.
[[0;32m  OK  [0m] Created slice system-getty.slice.
[[0;32m  OK  [0m] Started LSB: AppArmor initialization.
         Starting Load AppArmor profiles managed internally by snapd...
[[0;32m  OK  [0m] Started Load AppArmor profiles managed internally by snapd.
[   14.286121] cloud-init[488]: Cloud-init v. 21.1-19-gbad84ad4-0ubuntu1~16.04.2 running 'init-local' at Tue, 07 Dec 2021 18:23:18 +0000. Up 13.55 seconds.
[[0;32m  OK  [0m] Started Initial cloud-init job (pre-networking).
[[0;32m  OK  [0m] Reached target Network (Pre).
[[0;32m  OK  [0m] Started ifup for enp0s3.
[[0;32m  OK  [0m] Started ifup for enp0s8.
         Starting Raise network interfaces...
[[0;32m  OK  [0m] Started Raise network interfaces.
[[0;32m  OK  [0m] Reached target Network.
         Starting Initial cloud-init job (metadata service crawler)...
[   15.829895] cloud-init[1343]: Cloud-init v. 21.1-19-gbad84ad4-0ubuntu1~16.04.2 running 'init' at Tue, 07 Dec 2021 18:23:19 +0000. Up 15.17 seconds.
[   15.833736] cloud-init[1343]: ci-info: ++++++++++++++++++++++++++++++++++++++Net device info+++++++++++++++++++++++++++++++++++++++
[   15.838036] cloud-init[1343]: ci-info: +--------+------+-----------------------------+---------------+--------+-------------------+
[   15.841583] cloud-init[1343]: ci-info: | Device |  Up  |           Address           |      Mask     | Scope  |     Hw-Address    |
[   15.844642] cloud-init[1343]: ci-info: +--------+------+-----------------------------+---------------+--------+-------------------+
[   15.847014] cloud-init[1343]: ci-info: | enp0s3 | True |          10.0.2.15          | 255.255.255.0 | global | 02:be:82:6b:cc:1d |
[   15.849247] cloud-init[1343]: ci-info: | enp0s3 | True |  fe80::be:82ff:fe6b:cc1d/64 |       .       |  link  | 02:be:82:6b:cc:1d |
[   15.851176] cloud-init[1343]: ci-info: | enp0s8 | True |         172.16.11.30        | 255.255.255.0 | global | 08:00:27:a0:9c:6e |
[   15.853014] cloud-init[1343]: ci-info: | enp0s8 | True | fe80::a00:27ff:fea0:9c6e/64 |       .       |  link  | 08:00:27:a0:9c:6e |
[   15.854921] cloud-init[1343]: ci-info: |   lo   | True |          127.0.0.1          |   255.0.0.0   |  host  |         .         |
[   15.856715] cloud-init[1343]: ci-info: |   lo   | True |           ::1/128           |       .       |  host  |         .         |
[   15.858578] cloud-init[1343]: ci-info: +--------+------+-----------------------------+---------------+--------+-------------------+
[   15.860387] cloud-init[1343]: ci-info: +++++++++++++++++++++++++++Route IPv4 info++++++++++++++++++++++++++++
[   15.862252] cloud-init[1343]: ci-info: +-------+-------------+----------+---------------+-----------+-------+
[   15.863969] cloud-init[1343]: ci-info: | Route | Destination | Gateway  |    Genmask    | Interface | Flags |
[   15.865878] cloud-init[1343]: ci-info: +-------+-------------+----------+---------------+-----------+-------+
[   15.867565] cloud-init[1343]: ci-info: |   0   |   0.0.0.0   | 10.0.2.2 |    0.0.0.0    |   enp0s3  |   UG  |
[   15.869223] cloud-init[1343]: ci-info: |   1   |   10.0.2.0  | 0.0.0.0  | 255.255.255.0 |   enp0s3  |   U   |
[   15.870832] cloud-init[1343]: ci-info: |   2   | 172.16.11.0 | 0.0.0.0  | 255.255.255.0 |   enp0s8  |   U   |
[   15.872418] cloud-init[1343]: ci-info: +-------+-------------+----------+---------------+-----------+-------+
[   15.874444] cloud-init[1343]: ci-info: +++++++++++++++++++Route IPv6 info+++++++++++++++++++
[   15.875889] cloud-init[1343]: ci-info: +-------+-------------+---------+-----------+-------+
[   15.877741] cloud-init[1343]: ci-info: | Route | Destination | Gateway | Interface | Flags |
[   15.879519] cloud-init[1343]: ci-info: +-------+-------------+---------+-----------+-------+
[   15.881297] cloud-init[1343]: ci-info: |   0   |  fe80::/64  |    ::   |   enp0s8  |   U   |
[   15.883075] cloud-init[1343]: ci-info: |   1   |  fe80::/64  |    ::   |   enp0s3  |   U   |
[   15.884858] cloud-init[1343]: ci-info: |   4   |   ff00::/8  |    ::   |   enp0s8  |   U   |
[   15.886633] cloud-init[1343]: ci-info: |   5   |   ff00::/8  |    ::   |   enp0s3  |   U   |
[   15.888483] cloud-init[1343]: ci-info: +-------+-------------+---------+-----------+-------+
[[0;32m  OK  [0m] Started Initial cloud-init job (metadata service crawler).
[[0;32m  OK  [0m] Reached target Cloud-config availability.
[[0;32m  OK  [0m] Reached target Network is Online.
         Starting iSCSI initiator daemon (iscsid)...
[[0;32m  OK  [0m] Reached target System Initialization.
[[0;32m  OK  [0m] Listening on UUID daemon activation socket.
[[0;32m  OK  [0m] Started Ubuntu Advantage update messaging.
[[0;32m  OK  [0m] Listening on ACPID Listen Socket.
[[0;32m  OK  [0m] Started Daily apt download activities.
[[0;32m  OK  [0m] Started Daily apt upgrade and clean activities.
[[0;32m  OK  [0m] Started ACPI Events Check.
[[0;32m  OK  [0m] Reached target Paths.
[[0;32m  OK  [0m] Started Message of the Day.
         Starting Socket activation for snappy daemon.
         Starting Docker Socket for the API.
[[0;32m  OK  [0m] Listening on D-Bus System Message Bus Socket.
[[0;32m  OK  [0m] Started Daily Cleanup of Temporary Directories.
[[0;32m  OK  [0m] Reached target Timers.
         Starting LXD - unix socket.
[[0;32m  OK  [0m] Listening on Socket activation for snappy daemon.
[[0;32m  OK  [0m] Listening on Docker Socket for the API.
[[0;32m  OK  [0m] Listening on LXD - unix socket.
[[0;32m  OK  [0m] Reached target Sockets.
[[0;32m  OK  [0m] Reached target Basic System.
         Starting LSB: Record successful boot for GRUB...
[[0;32m  OK  [0m] Started Deferred execution scheduler.
         Starting LXD - container startup/shutdown...
         Starting OpenBSD Secure Shell server...
[[0;32m  OK  [0m] Started FUSE filesystem for LXC.
         Starting Accounts Service...
         Starting Login Service...
         Starting containerd container runtime...
[[0;32m  OK  [0m] Started ACPI event daemon.
         Starting Ubuntu Advantage APT and MOTD Messages...
[[0;32m  OK  [0m] Started D-Bus System Message Bus.
         Starting /etc/rc.local Compatibility...
         Starting Snap Daemon...
         Starting Ubuntu FAN network setup...
         Starting System Logging Service...
         Starting Message of the Day...
         Starting LSB: MD monitoring daemon...
[[0;32m  OK  [0m] Started Regular background program processing daemon.
         Starting Virtualbox guest utils...
[[0;32m  OK  [0m] Started iSCSI initiator daemon (iscsid).
[[0;32m  OK  [0m] Started containerd container runtime.
[[0;32m  OK  [0m] Started /etc/rc.local Compatibility.
[[0;32m  OK  [0m] Started Ubuntu FAN network setup.
[[0;32m  OK  [0m] Started Message of the Day.
[[0;32m  OK  [0m] Started OpenBSD Secure Shell server.
[[0;32m  OK  [0m] Started Login Service.
[[0;32m  OK  [0m] Started Unattended Upgrades Shutdown.
         Starting Docker Application Container Engine...
         Starting Login to default iSCSI targets...
[[0;32m  OK  [0m] Started LSB: Record successful boot for GRUB.
[[0;32m  OK  [0m] Started Login to default iSCSI targets.
[[0;32m  OK  [0m] Reached target Remote File Systems (Pre).
[[0;32m  OK  [0m] Reached target Remote File Systems.
         Starting LSB: Set the CPU Frequency Scaling governor to "ondemand"...
         Starting LSB: automatic crash report generation...
         Starting Permit User Sessions...
         Starting LSB: daemon to balance interrupts for SMP systems...
         Starting LSB: Set up cgroupfs mounts....
[[0;32m  OK  [0m] Started LSB: MD monitoring daemon.
         Starting Authenticate and Authorize Users to Run Privileged Tasks...
[[0;32m  OK  [0m] Started LSB: Set the CPU Frequency Scaling governor to "ondemand".
[[0;32m  OK  [0m] Started LSB: Set up cgroupfs mounts..
[[0;32m  OK  [0m] Started Permit User Sessions.
         Starting Hold until boot process finishes up...
         Starting Terminate Plymouth Boot Screen...
[[0;32m  OK  [0m] Started Hold until boot process finishes up.
         Starting Set console scheme...
[[0;32m  OK  [0m] Started Getty on tty1.
[[0;32m  OK  [0m] Started Serial Getty on ttyS0.
[[0;32m  OK  [0m] Reached target Login Prompts.
[[0;32m  OK  [0m] Started Terminate Plymouth Boot Screen.
[[0;32m  OK  [0m] Started LSB: automatic crash report generation.
[[0;32m  OK  [0m] Started Set console scheme.
[[0;32m  OK  [0m] Started System Logging Service.
[[0;32m  OK  [0m] Started LSB: daemon to balance interrupts for SMP systems.
[[0;32m  OK  [0m] Started Virtualbox guest utils.
[[0;32m  OK  [0m] Started Authenticate and Authorize Users to Run Privileged Tasks.
[[0;32m  OK  [0m] Started Accounts Service.
[[0;32m  OK  [0m] Created slice User Slice of vagrant.
         Starting User Manager for UID 1000...
[[0;32m  OK  [0m] Started Session 1 of user vagrant.
[[0;32m  OK  [0m] Started User Manager for UID 1000.
[[0;32m  OK  [0m] Started LXD - container startup/shutdown.

Ubuntu 16.04.7 LTS server3 ttyS0

server3 login: [   24.400320] cloud-init[1713]: Cloud-init v. 21.1-19-gbad84ad4-0ubuntu1~16.04.2 running 'modules:config' at Tue, 07 Dec 2021 18:23:28 +0000. Up 23.86 seconds.
[   31.320156] cloud-init[2380]: Cloud-init v. 21.1-19-gbad84ad4-0ubuntu1~16.04.2 running 'modules:final' at Tue, 07 Dec 2021 18:23:35 +0000. Up 30.91 seconds.
[   31.320765] cloud-init[2380]: Cloud-init v. 21.1-19-gbad84ad4-0ubuntu1~16.04.2 finished at Tue, 07 Dec 2021 18:23:35 +0000. Datasource DataSourceNoCloud [seed=/dev/sdb][dsmode=net].  Up 31.31 seconds
